{"logTime": "1006/052818", "correlationVector":"MHou4R7Pm2SH21EIE7hO4M.1","action":"SyncServerConnectionManagerRequest", "result":"SYNC_SERVER_OK", "context":{"environment":"Prod_SoutheastAsia_000j", "migrationStage":"NotStarted", "server":"GENERAL01000004"}}
{"logTime": "1006/052820", "correlationVector":"eKbdO5ranr19EYmFEN9qkn","action":"SyncServerConnectionManagerRequest", "result":"SYNC_SERVER_OK", "context":{"environment":"", "migrationStage":"", "server":""}}
{"logTime": "1006/052820", "correlationVector":"MHou4R7Pm2SH21EIE7hO4M","action":"Initial GetUpdates", "result":"", "context":Reason: NEW_CLIENT. cV=MHou4R7Pm2SH21EIE7hO4M}
{"logTime": "1006/052820", "correlationVector":"MHou4R7Pm2SH21EIE7hO4M.2","action":"GetUpdates Response", "result":"Success", "context":Received 1 update(s). cV=MHou4R7Pm2SH21EIE7hO4M.0;server=GENERAL01000004;cloudType=Consumer;environment=Prod_SoutheastAsia_000j;migrationStage=NotStarted}
{"logTime": "1006/052820", "correlationVector":"P7chVbu4EjYD4Q59YkrQHR","action":"Initial GetUpdates", "result":"", "context":Reason: NEWLY_SUPPORTED_DATATYPE. cV=P7chVbu4EjYD4Q59YkrQHR}
{"logTime": "1006/052821", "correlationVector":"P7chVbu4EjYD4Q59YkrQHR.1","action":"SyncServerConnectionManagerRequest", "result":"SYNC_SERVER_OK", "context":{"environment":"Prod_SoutheastAsia_000j", "migrationStage":"NotStarted", "server":"GENERAL0100001L"}}
{"logTime": "1006/052821", "correlationVector":"P7chVbu4EjYD4Q59YkrQHR.2","action":"GetUpdates Response", "result":"Success", "context":Received 35 update(s). cV=P7chVbu4EjYD4Q59YkrQHR.0;server=GENERAL0100001L;cloudType=Consumer;environment=Prod_SoutheastAsia_000j;migrationStage=NotStarted}
{"logTime": "1006/052821", "correlationVector":"kEZ2oMVeZx5kX9MMy+OBwB","action":"Initial GetUpdates", "result":"", "context":Reason: NEWLY_SUPPORTED_DATATYPE. cV=kEZ2oMVeZx5kX9MMy+OBwB}
{"logTime": "1006/052821", "correlationVector":"kEZ2oMVeZx5kX9MMy+OBwB.1","action":"SyncServerConnectionManagerRequest", "result":"SYNC_SERVER_OK", "context":{"environment":"Prod_SoutheastAsia_000j", "migrationStage":"NotStarted", "server":"GENERAL0100000A"}}
{"logTime": "1006/052821", "correlationVector":"kEZ2oMVeZx5kX9MMy+OBwB.2","action":"GetUpdates Response", "result":"Success", "context":Received 9 update(s). cV=kEZ2oMVeZx5kX9MMy+OBwB.0;server=GENERAL0100000A;cloudType=Consumer;environment=Prod_SoutheastAsia_000j;migrationStage=NotStarted}
{"logTime": "1006/052821", "correlationVector":"WW1rgXcpls7u37n1d5dCXI","action":"Initial GetUpdates", "result":"", "context":Reason: NEWLY_SUPPORTED_DATATYPE. cV=WW1rgXcpls7u37n1d5dCXI}
{"logTime": "1006/052822", "correlationVector":"WW1rgXcpls7u37n1d5dCXI.1","action":"SyncServerConnectionManagerRequest", "result":"SYNC_SERVER_OK", "context":{"environment":"Prod_SoutheastAsia_000j", "migrationStage":"NotStarted", "server":"GENERAL0300001X"}}
{"logTime": "1006/052822", "correlationVector":"WW1rgXcpls7u37n1d5dCXI.2","action":"GetUpdates", "result":"DeleteReceived", "context":{"id":"9e8dac44-4577-4b60-9337-af81c4fc918f", "isDeleted:":"true", "version":"1723745504798"}}
{"logTime": "1006/052822", "correlationVector":"WW1rgXcpls7u37n1d5dCXI.3","action":"GetUpdates", "result":"DeleteReceived", "context":{"id":"1db8a36c-c553-4e2d-9e0e-a03ef7ad1b19", "isDeleted:":"true", "version":"1723745504799"}}
{"logTime": "1006/052822", "correlationVector":"WW1rgXcpls7u37n1d5dCXI.4","action":"GetUpdates", "result":"DeleteReceived", "context":{"id":"94624f0f-3423-4dd7-a446-1408ff8b3da1", "isDeleted:":"true", "version":"1723745504800"}}
{"logTime": "1006/052822", "correlationVector":"WW1rgXcpls7u37n1d5dCXI.5","action":"GetUpdates Response", "result":"Success", "context":Received 8 update(s). cV=WW1rgXcpls7u37n1d5dCXI.0;server=GENERAL0300001X;cloudType=Consumer;environment=Prod_SoutheastAsia_000j;migrationStage=NotStarted}
{"logTime": "1006/052822", "correlationVector":"c1jO9/BAJqeFHSv1yjT2Hu","action":"Normal GetUpdate request", "result":"", "context":cV=c1jO9/BAJqeFHSv1yjT2Hu
Nudged types: Preferences, Sessions, Device Info, User Consents
Refresh requested types: Bookmarks, Preferences, Passwords, Autofill Profiles, Autofill, Typed URLs, Extensions, Sessions, Extension settings, History Delete Directives, Device Info, User Consents, Send Tab To Self, Web Apps, Collection, Edge E Drop, Edge Hub App Usage, Edge Tab Group, Edge Wallet, Encryption Keys}
{"logTime": "1006/052823", "correlationVector":"c1jO9/BAJqeFHSv1yjT2Hu.1","action":"SyncServerConnectionManagerRequest", "result":"SYNC_SERVER_OK", "context":{"environment":"Prod_SoutheastAsia_000j", "migrationStage":"NotStarted", "server":"GENERAL01000016"}}
{"logTime": "1006/052823", "correlationVector":"c1jO9/BAJqeFHSv1yjT2Hu.2","action":"GetUpdates Response", "result":"Success", "context":Received 0 update(s). cV=c1jO9/BAJqeFHSv1yjT2Hu.0;server=GENERAL01000016;cloudType=Consumer;environment=Prod_SoutheastAsia_000j;migrationStage=NotStarted}
{"logTime": "1006/052823", "correlationVector":"tYZ25BERRzgb92x3fnHEp1","action":"Commit Request", "result":"", "context":Item count: 14
Contributing types: Preferences, Sessions, Device Info, User Consents}
{"logTime": "1006/052824", "correlationVector":"tYZ25BERRzgb92x3fnHEp1.1","action":"SyncServerConnectionManagerRequest", "result":"SYNC_SERVER_OK", "context":{"environment":"Prod_SoutheastAsia_000j", "migrationStage":"NotStarted", "server":"GENERAL0100000R"}}
{"logTime": "1006/052824", "correlationVector":"tYZ25BERRzgb92x3fnHEp1.2","action":"Commit Response", "result":"Success", "context":Result: Success. cV=tYZ25BERRzgb92x3fnHEp1.0;server=GENERAL0100000R;cloudType=Consumer;environment=Prod_SoutheastAsia_000j;migrationStage=NotStarted}
{"logTime": "1006/052824", "correlationVector":"paJhk3U/znMMlc4XfVKBht","action":"Normal GetUpdate request", "result":"", "context":cV=paJhk3U/znMMlc4XfVKBht
Nudged types: Preferences, Sessions, Device Info}
{"logTime": "1006/052825", "correlationVector":"paJhk3U/znMMlc4XfVKBht.1","action":"SyncServerConnectionManagerRequest", "result":"SYNC_SERVER_OK", "context":{"environment":"Prod_SoutheastAsia_000j", "migrationStage":"NotStarted", "server":"GENERAL0300000S"}}
{"logTime": "1006/052825", "correlationVector":"paJhk3U/znMMlc4XfVKBht.2","action":"GetUpdates Response", "result":"Success", "context":Received 13 update(s). cV=paJhk3U/znMMlc4XfVKBht.0;server=GENERAL0300000S;cloudType=Consumer;environment=Prod_SoutheastAsia_000j;migrationStage=NotStarted}
{"logTime": "1006/052825", "correlationVector":"1fY0WpbU/tGp0SuPNtg9hU","action":"DoCompareDataConsistency: ", "result":"has local changes and skip compare"}
{"logTime": "1006/052825", "correlationVector":"dTGqDrZR0lcZ9prCeAvig/","action":"Commit Request", "result":"", "context":Item count: 1
Contributing types: Preferences}
{"logTime": "1006/052826", "correlationVector":"dTGqDrZR0lcZ9prCeAvig/.1","action":"SyncServerConnectionManagerRequest", "result":"SYNC_SERVER_OK", "context":{"environment":"Prod_SoutheastAsia_000j", "migrationStage":"NotStarted", "server":"GENERAL0300002Z"}}
{"logTime": "1006/052826", "correlationVector":"dTGqDrZR0lcZ9prCeAvig/.2","action":"Commit Response", "result":"Success", "context":Result: Success. cV=dTGqDrZR0lcZ9prCeAvig/.0;server=GENERAL0300002Z;cloudType=Consumer;environment=Prod_SoutheastAsia_000j;migrationStage=NotStarted}
{"logTime": "1006/052826", "correlationVector":"P3g/WUITTNW10buRCXY+jd","action":"Commit Request", "result":"", "context":Item count: 1
Contributing types: User Consents}
{"logTime": "1006/052827", "correlationVector":"P3g/WUITTNW10buRCXY+jd.1","action":"SyncServerConnectionManagerRequest", "result":"SYNC_SERVER_OK", "context":{"environment":"Prod_SoutheastAsia_000j", "migrationStage":"NotStarted", "server":"GENERAL0300002S"}}
{"logTime": "1006/052827", "correlationVector":"P3g/WUITTNW10buRCXY+jd.2","action":"Commit Response", "result":"Success", "context":Result: Success. cV=P3g/WUITTNW10buRCXY+jd.0;server=GENERAL0300002S;cloudType=Consumer;environment=Prod_SoutheastAsia_000j;migrationStage=NotStarted}
{"logTime": "1006/052834", "correlationVector":"oUm99+o6HQZgod4PU0HoSt","action":"Commit Request", "result":"", "context":Item count: 8
Contributing types: Preferences, Passwords, Sessions}
{"logTime": "1006/052835", "correlationVector":"oUm99+o6HQZgod4PU0HoSt.1","action":"SyncServerConnectionManagerRequest", "result":"SYNC_SERVER_OK", "context":{"environment":"Prod_SoutheastAsia_000j", "migrationStage":"NotStarted", "server":"GENERAL0300000N"}}
{"logTime": "1006/052835", "correlationVector":"oUm99+o6HQZgod4PU0HoSt.2","action":"Commit Response", "result":"Success", "context":Result: Success. cV=oUm99+o6HQZgod4PU0HoSt.0;server=GENERAL0300000N;cloudType=Consumer;environment=Prod_SoutheastAsia_000j;migrationStage=NotStarted}
{"logTime": "1006/052837", "correlationVector":"Hxvj24saeiqv9aq5bJLzOK","action":"Commit Request", "result":"", "context":Item count: 1
Contributing types: Preferences}
{"logTime": "1006/052838", "correlationVector":"Hxvj24saeiqv9aq5bJLzOK.1","action":"SyncServerConnectionManagerRequest", "result":"SYNC_SERVER_OK", "context":{"environment":"Prod_SoutheastAsia_000j", "migrationStage":"NotStarted", "server":"GENERAL0100001H"}}
{"logTime": "1006/052838", "correlationVector":"Hxvj24saeiqv9aq5bJLzOK.2","action":"Commit Response", "result":"Success", "context":Result: Success. cV=Hxvj24saeiqv9aq5bJLzOK.0;server=GENERAL0100001H;cloudType=Consumer;environment=Prod_SoutheastAsia_000j;migrationStage=NotStarted}
{"logTime": "1006/053256", "correlationVector":"SxdFHtxo8AKoH33cUFjBcW.1","action":"SyncServerConnectionManagerRequest", "result":"SYNC_SERVER_OK", "context":{"environment":"Prod_SoutheastAsia_000j", "migrationStage":"NotStarted", "server":"GENERAL01000002"}}
{"logTime": "1006/053257", "correlationVector":"4Mks4tL8M5I7ikUbCHsdUn","action":"SyncServerConnectionManagerRequest", "result":"SYNC_SERVER_OK", "context":{"environment":"", "migrationStage":"", "server":""}}
{"logTime": "1006/053257", "correlationVector":"SxdFHtxo8AKoH33cUFjBcW","action":"Initial GetUpdates", "result":"", "context":Reason: NEW_CLIENT. cV=SxdFHtxo8AKoH33cUFjBcW}
{"logTime": "1006/053257", "correlationVector":"SxdFHtxo8AKoH33cUFjBcW.2","action":"GetUpdates Response", "result":"Success", "context":Received 1 update(s). cV=SxdFHtxo8AKoH33cUFjBcW.0;server=GENERAL01000002;cloudType=Consumer;environment=Prod_SoutheastAsia_000j;migrationStage=NotStarted}
{"logTime": "1006/053257", "correlationVector":"KuhUpjfTOMIYsANJ67IrLG","action":"Initial GetUpdates", "result":"", "context":Reason: NEWLY_SUPPORTED_DATATYPE. cV=KuhUpjfTOMIYsANJ67IrLG}
{"logTime": "1006/053258", "correlationVector":"KuhUpjfTOMIYsANJ67IrLG.1","action":"SyncServerConnectionManagerRequest", "result":"SYNC_SERVER_OK", "context":{"environment":"Prod_SoutheastAsia_000j", "migrationStage":"NotStarted", "server":"GENERAL0100000A"}}
{"logTime": "1006/053258", "correlationVector":"KuhUpjfTOMIYsANJ67IrLG.2","action":"GetUpdates Response", "result":"Success", "context":Received 5 update(s). cV=KuhUpjfTOMIYsANJ67IrLG.0;server=GENERAL0100000A;cloudType=Consumer;environment=Prod_SoutheastAsia_000j;migrationStage=NotStarted}
{"logTime": "1006/053258", "correlationVector":"os7qKpZDVytLkRQRh70nuR","action":"Normal GetUpdate request", "result":"", "context":cV=os7qKpZDVytLkRQRh70nuR
Nudged types: Preferences, Sessions
Refresh requested types: Bookmarks, Preferences, Passwords, Autofill Profiles, Autofill, Typed URLs, Extensions, Sessions, Extension settings, History Delete Directives, Device Info, User Consents, Send Tab To Self, Web Apps, Collection, Edge E Drop, Edge Hub App Usage, Edge Tab Group, Edge Wallet, Encryption Keys}
{"logTime": "1006/053258", "correlationVector":"os7qKpZDVytLkRQRh70nuR.1","action":"SyncServerConnectionManagerRequest", "result":"SYNC_SERVER_OK", "context":{"environment":"Prod_SoutheastAsia_000j", "migrationStage":"NotStarted", "server":"GENERAL01000003"}}
{"logTime": "1006/053258", "correlationVector":"os7qKpZDVytLkRQRh70nuR.2","action":"GetUpdates Response", "result":"Success", "context":Received 5 update(s). cV=os7qKpZDVytLkRQRh70nuR.0;server=GENERAL01000003;cloudType=Consumer;environment=Prod_SoutheastAsia_000j;migrationStage=NotStarted}
{"logTime": "1006/053258", "correlationVector":"AWLYGntEXi5TXFAx5nvmEM","action":"Commit Request", "result":"", "context":Item count: 4
Contributing types: Preferences, Sessions}
{"logTime": "1006/053259", "correlationVector":"AWLYGntEXi5TXFAx5nvmEM.1","action":"SyncServerConnectionManagerRequest", "result":"SYNC_SERVER_OK", "context":{"environment":"Prod_SoutheastAsia_000j", "migrationStage":"NotStarted", "server":"GENERAL03000002"}}
{"logTime": "1006/053259", "correlationVector":"AWLYGntEXi5TXFAx5nvmEM.3","action":"Commit.Sessions", "result":"Success", "context":{"id":"a1ecc3e5-ad5a-4aa0-8ac0-3461b69b7db7", "isDeleted":"true", "size":"0", "version":"1728192513156"}}
{"logTime": "1006/053259", "correlationVector":"AWLYGntEXi5TXFAx5nvmEM.2","action":"Commit Response", "result":"Success", "context":Result: Success. cV=AWLYGntEXi5TXFAx5nvmEM.0;server=GENERAL03000002;cloudType=Consumer;environment=Prod_SoutheastAsia_000j;migrationStage=NotStarted}
{"logTime": "1006/053301", "correlationVector":"qMIwa7tnavVajBnzB8dxVl","action":"Normal GetUpdate request", "result":"", "context":cV=qMIwa7tnavVajBnzB8dxVl
Nudged types: Preferences, Sessions}
{"logTime": "1006/053302", "correlationVector":"qMIwa7tnavVajBnzB8dxVl.1","action":"SyncServerConnectionManagerRequest", "result":"SYNC_SERVER_OK", "context":{"environment":"Prod_SoutheastAsia_000j", "migrationStage":"NotStarted", "server":"GENERAL03000003"}}
{"logTime": "1006/053302", "correlationVector":"qMIwa7tnavVajBnzB8dxVl.2","action":"GetUpdates", "result":"DeleteReceived", "context":{"id":"a1ecc3e5-ad5a-4aa0-8ac0-3461b69b7db7", "isDeleted:":"true", "version":"1728192777944"}}
{"logTime": "1006/053302", "correlationVector":"qMIwa7tnavVajBnzB8dxVl.3","action":"GetUpdates Response", "result":"Success", "context":Received 4 update(s). cV=qMIwa7tnavVajBnzB8dxVl.0;server=GENERAL03000003;cloudType=Consumer;environment=Prod_SoutheastAsia_000j;migrationStage=NotStarted}
{"logTime": "1006/053303", "correlationVector":"g7lkey6WKfLUovhM53Xob+","action":"Normal GetUpdate request", "result":"", "context":cV=g7lkey6WKfLUovhM53Xob+
Nudged types: Autofill Profiles}
{"logTime": "1006/053303", "correlationVector":"g7lkey6WKfLUovhM53Xob+.1","action":"SyncServerConnectionManagerRequest", "result":"SYNC_SERVER_OK", "context":{"environment":"Prod_SoutheastAsia_000j", "migrationStage":"NotStarted", "server":"GENERAL0300001M"}}
{"logTime": "1006/053303", "correlationVector":"g7lkey6WKfLUovhM53Xob+.2","action":"GetUpdates Response", "result":"Success", "context":Received 0 update(s). cV=g7lkey6WKfLUovhM53Xob+.0;server=GENERAL0300001M;cloudType=Consumer;environment=Prod_SoutheastAsia_000j;migrationStage=NotStarted}
{"logTime": "1006/053303", "correlationVector":"lIXLRB2Wkb/rew0ox0GmGN","action":"Commit Request", "result":"", "context":Item count: 1
Contributing types: Autofill Profiles}
{"logTime": "1006/053304", "correlationVector":"lIXLRB2Wkb/rew0ox0GmGN.1","action":"SyncServerConnectionManagerRequest", "result":"SYNC_SERVER_OK", "context":{"environment":"Prod_SoutheastAsia_000j", "migrationStage":"NotStarted", "server":"GENERAL03000002"}}
{"logTime": "1006/053304", "correlationVector":"lIXLRB2Wkb/rew0ox0GmGN.3","action":"Commit.Autofill Profiles", "result":"Success", "context":{"id":"19cf6dc1-5258-4d93-acc0-fbac0b4a1af1", "isDeleted":"true", "size":"0", "version":"1650640778909"}}
{"logTime": "1006/053304", "correlationVector":"lIXLRB2Wkb/rew0ox0GmGN.2","action":"Commit Response", "result":"Success", "context":Result: Success. cV=lIXLRB2Wkb/rew0ox0GmGN.0;server=GENERAL03000002;cloudType=Consumer;environment=Prod_SoutheastAsia_000j;migrationStage=NotStarted}
{"logTime": "1006/055115", "correlationVector":"Xai55CIoZn0hqhBj+dbnKA.1","action":"SyncServerConnectionManagerRequest", "result":"SYNC_SERVER_OK", "context":{"environment":"Prod_SoutheastAsia_000j", "migrationStage":"NotStarted", "server":"GENERAL0300000S"}}
{"logTime": "1006/055115", "correlationVector":"kZXzS1G9+NQ/1528VqWVT1","action":"SyncServerConnectionManagerRequest", "result":"SYNC_SERVER_OK", "context":{"environment":"", "migrationStage":"", "server":""}}
{"logTime": "1006/055115", "correlationVector":"Xai55CIoZn0hqhBj+dbnKA","action":"Initial GetUpdates", "result":"", "context":Reason: NEW_CLIENT. cV=Xai55CIoZn0hqhBj+dbnKA}
{"logTime": "1006/055115", "correlationVector":"Xai55CIoZn0hqhBj+dbnKA.2","action":"GetUpdates Response", "result":"Success", "context":Received 1 update(s). cV=Xai55CIoZn0hqhBj+dbnKA.0;server=GENERAL0300000S;cloudType=Consumer;environment=Prod_SoutheastAsia_000j;migrationStage=NotStarted}
{"logTime": "1006/055115", "correlationVector":"IfpbvKb+EZoMlmMwOoQ8Gv","action":"Initial GetUpdates", "result":"", "context":Reason: NEWLY_SUPPORTED_DATATYPE. cV=IfpbvKb+EZoMlmMwOoQ8Gv}
{"logTime": "1006/055116", "correlationVector":"IfpbvKb+EZoMlmMwOoQ8Gv.1","action":"SyncServerConnectionManagerRequest", "result":"SYNC_SERVER_OK", "context":{"environment":"Prod_SoutheastAsia_000j", "migrationStage":"NotStarted", "server":"GENERAL01000004"}}
{"logTime": "1006/055116", "correlationVector":"IfpbvKb+EZoMlmMwOoQ8Gv.2","action":"GetUpdates Response", "result":"Success", "context":Received 5 update(s). cV=IfpbvKb+EZoMlmMwOoQ8Gv.0;server=GENERAL01000004;cloudType=Consumer;environment=Prod_SoutheastAsia_000j;migrationStage=NotStarted}
{"logTime": "1006/055116", "correlationVector":"jqAc0srOq++5/4OWfH/1IM","action":"Normal GetUpdate request", "result":"", "context":cV=jqAc0srOq++5/4OWfH/1IM
Nudged types: Sessions
Refresh requested types: Bookmarks, Preferences, Passwords, Autofill Profiles, Autofill, Typed URLs, Extensions, Sessions, Extension settings, History Delete Directives, Device Info, User Consents, Send Tab To Self, Web Apps, Collection, Edge E Drop, Edge Hub App Usage, Edge Tab Group, Edge Wallet, Encryption Keys}
{"logTime": "1006/055117", "correlationVector":"jqAc0srOq++5/4OWfH/1IM.1","action":"SyncServerConnectionManagerRequest", "result":"SYNC_SERVER_OK", "context":{"environment":"Prod_SoutheastAsia_000j", "migrationStage":"NotStarted", "server":"GENERAL01000002"}}
{"logTime": "1006/055117", "correlationVector":"jqAc0srOq++5/4OWfH/1IM.2","action":"GetUpdates", "result":"DeleteReceived", "context":{"id":"19cf6dc1-5258-4d93-acc0-fbac0b4a1af1", "isDeleted:":"true", "version":"1728192782672"}}
{"logTime": "1006/055117", "correlationVector":"jqAc0srOq++5/4OWfH/1IM.3","action":"GetUpdates Response", "result":"Success", "context":Received 1 update(s). cV=jqAc0srOq++5/4OWfH/1IM.0;server=GENERAL01000002;cloudType=Consumer;environment=Prod_SoutheastAsia_000j;migrationStage=NotStarted}
{"logTime": "1006/055117", "correlationVector":"1B9mFxRDP5y1hS9hRVJ4v3","action":"Commit Request", "result":"", "context":Item count: 3
Contributing types: Sessions}
{"logTime": "1006/055117", "correlationVector":"1B9mFxRDP5y1hS9hRVJ4v3.1","action":"SyncServerConnectionManagerRequest", "result":"SYNC_SERVER_OK", "context":{"environment":"Prod_SoutheastAsia_000j", "migrationStage":"NotStarted", "server":"GENERAL0300000V"}}
{"logTime": "1006/055117", "correlationVector":"1B9mFxRDP5y1hS9hRVJ4v3.3","action":"Commit.Sessions", "result":"Success", "context":{"id":"1921f620-83ed-4798-96a7-8d2568bfc38f", "isDeleted":"true", "size":"0", "version":"1728192777942"}}
{"logTime": "1006/055117", "correlationVector":"1B9mFxRDP5y1hS9hRVJ4v3.2","action":"Commit Response", "result":"Success", "context":Result: Success. cV=1B9mFxRDP5y1hS9hRVJ4v3.0;server=GENERAL0300000V;cloudType=Consumer;environment=Prod_SoutheastAsia_000j;migrationStage=NotStarted}
{"logTime": "1006/055147", "correlationVector":"KD8tPE6V9oz881JA9Z9xHq","action":"Normal GetUpdate request", "result":"", "context":cV=KD8tPE6V9oz881JA9Z9xHq
Nudged types: Sessions}
{"logTime": "1006/055148", "correlationVector":"KD8tPE6V9oz881JA9Z9xHq.1","action":"SyncServerConnectionManagerRequest", "result":"SYNC_SERVER_OK", "context":{"environment":"Prod_SoutheastAsia_000j", "migrationStage":"NotStarted", "server":"GENERAL03000009"}}
{"logTime": "1006/055148", "correlationVector":"KD8tPE6V9oz881JA9Z9xHq.2","action":"GetUpdates", "result":"DeleteReceived", "context":{"id":"1921f620-83ed-4798-96a7-8d2568bfc38f", "isDeleted:":"true", "version":"1728193875973"}}
{"logTime": "1006/055148", "correlationVector":"KD8tPE6V9oz881JA9Z9xHq.3","action":"GetUpdates Response", "result":"Success", "context":Received 3 update(s). cV=KD8tPE6V9oz881JA9Z9xHq.0;server=GENERAL03000009;cloudType=Consumer;environment=Prod_SoutheastAsia_000j;migrationStage=NotStarted}
{"logTime": "1006/055148", "correlationVector":"1iVob8U4Bggrm9MAhfMy7E","action":"Commit Request", "result":"", "context":Item count: 1
Contributing types: Sessions}
{"logTime": "1006/055148", "correlationVector":"1iVob8U4Bggrm9MAhfMy7E.1","action":"SyncServerConnectionManagerRequest", "result":"SYNC_SERVER_OK", "context":{"environment":"Prod_SoutheastAsia_000j", "migrationStage":"NotStarted", "server":"GENERAL01000014"}}
{"logTime": "1006/055148", "correlationVector":"1iVob8U4Bggrm9MAhfMy7E.2","action":"Commit Response", "result":"Success", "context":Result: Success. cV=1iVob8U4Bggrm9MAhfMy7E.0;server=GENERAL01000014;cloudType=Consumer;environment=Prod_SoutheastAsia_000j;migrationStage=NotStarted}
{"logTime": "1006/055613", "correlationVector":"6um8VgGnsjQkfNy8AGAK+E","action":"Normal GetUpdate request", "result":"", "context":cV=6um8VgGnsjQkfNy8AGAK+E
Refresh requested types: Bookmarks, Preferences, Passwords, Autofill Profiles, Autofill, Typed URLs, Extensions, Sessions, Extension settings, History Delete Directives, Device Info, User Consents, Send Tab To Self, Web Apps, Collection, Edge E Drop, Edge Hub App Usage, Edge Tab Group, Edge Wallet, Encryption Keys}
{"logTime": "1006/055613", "correlationVector":"6um8VgGnsjQkfNy8AGAK+E.1","action":"SyncServerConnectionManagerRequest", "result":"SYNC_SERVER_OK", "context":{"environment":"Prod_SoutheastAsia_000j", "migrationStage":"NotStarted", "server":"GENERAL0100001C"}}
{"logTime": "1006/055613", "correlationVector":"6um8VgGnsjQkfNy8AGAK+E.2","action":"GetUpdates Response", "result":"Success", "context":Received 1 update(s). cV=6um8VgGnsjQkfNy8AGAK+E.0;server=GENERAL0100001C;cloudType=Consumer;environment=Prod_SoutheastAsia_000j;migrationStage=NotStarted}
{"logTime": "1006/060250", "correlationVector":"DqiWxFaknY3Xq1edvtSaKN","action":"Commit Request", "result":"", "context":Item count: 2
Contributing types: Sessions, Collection}
{"logTime": "1006/060251", "correlationVector":"DqiWxFaknY3Xq1edvtSaKN.1","action":"SyncServerConnectionManagerRequest", "result":"SYNC_SERVER_OK", "context":{"environment":"Prod_SoutheastAsia_000j", "migrationStage":"NotStarted", "server":"GENERAL0100001I"}}
{"logTime": "1006/060251", "correlationVector":"DqiWxFaknY3Xq1edvtSaKN.2","action":"Commit Response", "result":"Success", "context":Result: Success. cV=DqiWxFaknY3Xq1edvtSaKN.0;server=GENERAL0100001I;cloudType=Consumer;environment=Prod_SoutheastAsia_000j;migrationStage=NotStarted}
{"logTime": "1006/060353", "correlationVector":"ze74fg+Z8VUfv0w676OGIr","action":"Commit Request", "result":"", "context":Item count: 2
Contributing types: Preferences}
{"logTime": "1006/060354", "correlationVector":"ze74fg+Z8VUfv0w676OGIr.1","action":"SyncServerConnectionManagerRequest", "result":"SYNC_SERVER_OK", "context":{"environment":"Prod_SoutheastAsia_000j", "migrationStage":"NotStarted", "server":"GENERAL03000029"}}
{"logTime": "1006/060354", "correlationVector":"ze74fg+Z8VUfv0w676OGIr.2","action":"Commit Response", "result":"Success", "context":Result: Success. cV=ze74fg+Z8VUfv0w676OGIr.0;server=GENERAL03000029;cloudType=Consumer;environment=Prod_SoutheastAsia_000j;migrationStage=NotStarted}
{"logTime": "1006/060748", "correlationVector":"9xm3jIPG5OEtabtEoRwE2Q","action":"Commit Request", "result":"", "context":Item count: 1
Contributing types: Preferences}
{"logTime": "1006/060749", "correlationVector":"9xm3jIPG5OEtabtEoRwE2Q.1","action":"SyncServerConnectionManagerRequest", "result":"SYNC_SERVER_OK", "context":{"environment":"Prod_SoutheastAsia_000j", "migrationStage":"NotStarted", "server":"GENERAL01000019"}}
{"logTime": "1006/060749", "correlationVector":"9xm3jIPG5OEtabtEoRwE2Q.2","action":"Commit Response", "result":"Success", "context":Result: Success. cV=9xm3jIPG5OEtabtEoRwE2Q.0;server=GENERAL01000019;cloudType=Consumer;environment=Prod_SoutheastAsia_000j;migrationStage=NotStarted}
{"logTime": "1006/061326", "correlationVector":"lumZeiUNI3fkKGEAgXxYjI","action":"Commit Request", "result":"", "context":Item count: 1
Contributing types: Sessions}
{"logTime": "1006/061326", "correlationVector":"lumZeiUNI3fkKGEAgXxYjI.1","action":"SyncServerConnectionManagerRequest", "result":"SYNC_SERVER_OK", "context":{"environment":"Prod_SoutheastAsia_000j", "migrationStage":"NotStarted", "server":"GENERAL0100000R"}}
{"logTime": "1006/061326", "correlationVector":"lumZeiUNI3fkKGEAgXxYjI.2","action":"Commit Response", "result":"Success", "context":Result: Success. cV=lumZeiUNI3fkKGEAgXxYjI.0;server=GENERAL0100000R;cloudType=Consumer;environment=Prod_SoutheastAsia_000j;migrationStage=NotStarted}
{"logTime": "1006/062526", "correlationVector":"FGmCrbXJusG/PpACLcNfQT","action":"Commit Request", "result":"", "context":Item count: 1
Contributing types: Sessions}
{"logTime": "1006/062527", "correlationVector":"FGmCrbXJusG/PpACLcNfQT.1","action":"SyncServerConnectionManagerRequest", "result":"SYNC_SERVER_OK", "context":{"environment":"Prod_SoutheastAsia_000j", "migrationStage":"NotStarted", "server":"GENERAL0300000X"}}
{"logTime": "1006/062527", "correlationVector":"FGmCrbXJusG/PpACLcNfQT.2","action":"Commit Response", "result":"Success", "context":Result: Success. cV=FGmCrbXJusG/PpACLcNfQT.0;server=GENERAL0300000X;cloudType=Consumer;environment=Prod_SoutheastAsia_000j;migrationStage=NotStarted}
{"logTime": "1006/063157", "correlationVector":"EJWNXJjToQDBg3HgzZasGf","action":"Normal GetUpdate request", "result":"", "context":cV=EJWNXJjToQDBg3HgzZasGf
Refresh requested types: Bookmarks, Preferences, Passwords, Autofill Profiles, Autofill, Typed URLs, Extensions, Sessions, Extension settings, History Delete Directives, Device Info, User Consents, Send Tab To Self, Web Apps, Collection, Edge E Drop, Edge Hub App Usage, Edge Tab Group, Edge Wallet, Encryption Keys}
{"logTime": "1006/063158", "correlationVector":"EJWNXJjToQDBg3HgzZasGf.1","action":"SyncServerConnectionManagerRequest", "result":"SYNC_SERVER_OK", "context":{"environment":"Prod_SoutheastAsia_000j", "migrationStage":"NotStarted", "server":"GENERAL0100000J"}}
{"logTime": "1006/063158", "correlationVector":"EJWNXJjToQDBg3HgzZasGf.2","action":"GetUpdates Response", "result":"Success", "context":Received 5 update(s). cV=EJWNXJjToQDBg3HgzZasGf.0;server=GENERAL0100000J;cloudType=Consumer;environment=Prod_SoutheastAsia_000j;migrationStage=NotStarted}
{"logTime": "1006/090618", "correlationVector":"5wDKiAQIPUfU8ydEIdv9ep.1","action":"SyncServerConnectionManagerRequest", "result":"SYNC_SERVER_OK", "context":{"environment":"Prod_SoutheastAsia_000j", "migrationStage":"NotStarted", "server":"GENERAL0100000T"}}
{"logTime": "1006/090618", "correlationVector":"5NMZrnD5D5hZhEb9gPT+/c","action":"SyncServerConnectionManagerRequest", "result":"SYNC_SERVER_OK", "context":{"environment":"", "migrationStage":"", "server":""}}
{"logTime": "1006/090618", "correlationVector":"5wDKiAQIPUfU8ydEIdv9ep","action":"Initial GetUpdates", "result":"", "context":Reason: NEW_CLIENT. cV=5wDKiAQIPUfU8ydEIdv9ep}
{"logTime": "1006/090618", "correlationVector":"5wDKiAQIPUfU8ydEIdv9ep.2","action":"GetUpdates Response", "result":"Success", "context":Received 1 update(s). cV=5wDKiAQIPUfU8ydEIdv9ep.0;server=GENERAL0100000T;cloudType=Consumer;environment=Prod_SoutheastAsia_000j;migrationStage=NotStarted}
{"logTime": "1006/090618", "correlationVector":"I2ETx16/BoaWWfhjWRBmQ9","action":"Initial GetUpdates", "result":"", "context":Reason: NEWLY_SUPPORTED_DATATYPE. cV=I2ETx16/BoaWWfhjWRBmQ9}
{"logTime": "1006/090619", "correlationVector":"I2ETx16/BoaWWfhjWRBmQ9.1","action":"SyncServerConnectionManagerRequest", "result":"SYNC_SERVER_OK", "context":{"environment":"Prod_SoutheastAsia_000j", "migrationStage":"NotStarted", "server":"GENERAL0100001H"}}
{"logTime": "1006/090619", "correlationVector":"I2ETx16/BoaWWfhjWRBmQ9.2","action":"GetUpdates Response", "result":"Success", "context":Received 5 update(s). cV=I2ETx16/BoaWWfhjWRBmQ9.0;server=GENERAL0100001H;cloudType=Consumer;environment=Prod_SoutheastAsia_000j;migrationStage=NotStarted}
{"logTime": "1006/090619", "correlationVector":"6GoYRha4ABxREj9JgO0MUe","action":"Normal GetUpdate request", "result":"", "context":cV=6GoYRha4ABxREj9JgO0MUe
Nudged types: Sessions
Refresh requested types: Bookmarks, Preferences, Passwords, Autofill Profiles, Autofill, Typed URLs, Extensions, Sessions, Extension settings, History Delete Directives, Device Info, User Consents, Send Tab To Self, Web Apps, Collection, Edge E Drop, Edge Hub App Usage, Edge Tab Group, Edge Wallet, Encryption Keys}
{"logTime": "1006/090620", "correlationVector":"6GoYRha4ABxREj9JgO0MUe.1","action":"SyncServerConnectionManagerRequest", "result":"SYNC_SERVER_OK", "context":{"environment":"Prod_SoutheastAsia_000j", "migrationStage":"NotStarted", "server":"GENERAL0100000A"}}
{"logTime": "1006/090620", "correlationVector":"6GoYRha4ABxREj9JgO0MUe.2","action":"GetUpdates Response", "result":"Success", "context":Received 0 update(s). cV=6GoYRha4ABxREj9JgO0MUe.0;server=GENERAL0100000A;cloudType=Consumer;environment=Prod_SoutheastAsia_000j;migrationStage=NotStarted}
{"logTime": "1006/090620", "correlationVector":"gRUzVT8nwwV1j1Dslx/JY9","action":"Commit Request", "result":"", "context":Item count: 3
Contributing types: Sessions}
{"logTime": "1006/090620", "correlationVector":"gRUzVT8nwwV1j1Dslx/JY9.1","action":"SyncServerConnectionManagerRequest", "result":"SYNC_SERVER_OK", "context":{"environment":"Prod_SoutheastAsia_000j", "migrationStage":"NotStarted", "server":"GENERAL01000014"}}
{"logTime": "1006/090620", "correlationVector":"gRUzVT8nwwV1j1Dslx/JY9.3","action":"Commit.Sessions", "result":"Success", "context":{"id":"73ca71d0-5465-4010-9d9d-8dc9153548ab", "isDeleted":"true", "size":"0", "version":"1728195925188"}}
{"logTime": "1006/090620", "correlationVector":"gRUzVT8nwwV1j1Dslx/JY9.2","action":"Commit Response", "result":"Success", "context":Result: Success. cV=gRUzVT8nwwV1j1Dslx/JY9.0;server=GENERAL01000014;cloudType=Consumer;environment=Prod_SoutheastAsia_000j;migrationStage=NotStarted}
{"logTime": "1006/090650", "correlationVector":"0C6tpKiTrB+ewgPw+sSQmT","action":"Normal GetUpdate request", "result":"", "context":cV=0C6tpKiTrB+ewgPw+sSQmT
Nudged types: Sessions}
{"logTime": "1006/090651", "correlationVector":"0C6tpKiTrB+ewgPw+sSQmT.1","action":"SyncServerConnectionManagerRequest", "result":"SYNC_SERVER_OK", "context":{"environment":"Prod_SoutheastAsia_000j", "migrationStage":"NotStarted", "server":"GENERAL0300002J"}}
{"logTime": "1006/090651", "correlationVector":"0C6tpKiTrB+ewgPw+sSQmT.2","action":"GetUpdates", "result":"DeleteReceived", "context":{"id":"73ca71d0-5465-4010-9d9d-8dc9153548ab", "isDeleted:":"true", "version":"1728205578822"}}
{"logTime": "1006/090651", "correlationVector":"0C6tpKiTrB+ewgPw+sSQmT.3","action":"GetUpdates Response", "result":"Success", "context":Received 3 update(s). cV=0C6tpKiTrB+ewgPw+sSQmT.0;server=GENERAL0300002J;cloudType=Consumer;environment=Prod_SoutheastAsia_000j;migrationStage=NotStarted}
{"logTime": "1006/090651", "correlationVector":"5ZfZJL3vz41PK+OhALC6lv","action":"Commit Request", "result":"", "context":Item count: 1
Contributing types: Sessions}
{"logTime": "1006/090651", "correlationVector":"5ZfZJL3vz41PK+OhALC6lv.1","action":"SyncServerConnectionManagerRequest", "result":"SYNC_SERVER_OK", "context":{"environment":"Prod_SoutheastAsia_000j", "migrationStage":"NotStarted", "server":"GENERAL0300001A"}}
{"logTime": "1006/090651", "correlationVector":"5ZfZJL3vz41PK+OhALC6lv.2","action":"Commit Response", "result":"Success", "context":Result: Success. cV=5ZfZJL3vz41PK+OhALC6lv.0;server=GENERAL0300001A;cloudType=Consumer;environment=Prod_SoutheastAsia_000j;migrationStage=NotStarted}
{"logTime": "1006/091115", "correlationVector":"mz/aqDGsq8EEKZO1wuXleF","action":"Normal GetUpdate request", "result":"", "context":cV=mz/aqDGsq8EEKZO1wuXleF
Refresh requested types: Bookmarks, Preferences, Passwords, Autofill Profiles, Autofill, Typed URLs, Extensions, Sessions, Extension settings, History Delete Directives, Device Info, User Consents, Send Tab To Self, Web Apps, Collection, Edge E Drop, Edge Hub App Usage, Edge Tab Group, Edge Wallet, Encryption Keys}
{"logTime": "1006/091116", "correlationVector":"mz/aqDGsq8EEKZO1wuXleF.1","action":"SyncServerConnectionManagerRequest", "result":"SYNC_SERVER_OK", "context":{"environment":"Prod_SoutheastAsia_000j", "migrationStage":"NotStarted", "server":"GENERAL0300000M"}}
{"logTime": "1006/091116", "correlationVector":"mz/aqDGsq8EEKZO1wuXleF.2","action":"GetUpdates Response", "result":"Success", "context":Received 1 update(s). cV=mz/aqDGsq8EEKZO1wuXleF.0;server=GENERAL0300000M;cloudType=Consumer;environment=Prod_SoutheastAsia_000j;migrationStage=NotStarted}
{"logTime": "1006/104844", "correlationVector":"QyYw8z+prjaE7ozaBPuwRg.1","action":"SyncServerConnectionManagerRequest", "result":"SYNC_SERVER_OK", "context":{"environment":"Prod_SoutheastAsia_000j", "migrationStage":"NotStarted", "server":"GENERAL0100001J"}}
{"logTime": "1006/104845", "correlationVector":"63AZgbaNYz0P3+IfSS43n8","action":"SyncServerConnectionManagerRequest", "result":"SYNC_SERVER_OK", "context":{"environment":"", "migrationStage":"", "server":""}}
{"logTime": "1006/104845", "correlationVector":"QyYw8z+prjaE7ozaBPuwRg","action":"Initial GetUpdates", "result":"", "context":Reason: NEW_CLIENT. cV=QyYw8z+prjaE7ozaBPuwRg}
{"logTime": "1006/104845", "correlationVector":"QyYw8z+prjaE7ozaBPuwRg.2","action":"GetUpdates Response", "result":"Success", "context":Received 1 update(s). cV=QyYw8z+prjaE7ozaBPuwRg.0;server=GENERAL0100001J;cloudType=Consumer;environment=Prod_SoutheastAsia_000j;migrationStage=NotStarted}
{"logTime": "1006/104845", "correlationVector":"AH61ZD2mJNU57VvoW+xoaz","action":"Initial GetUpdates", "result":"", "context":Reason: NEWLY_SUPPORTED_DATATYPE. cV=AH61ZD2mJNU57VvoW+xoaz}
{"logTime": "1006/104845", "correlationVector":"AH61ZD2mJNU57VvoW+xoaz.1","action":"SyncServerConnectionManagerRequest", "result":"SYNC_SERVER_OK", "context":{"environment":"Prod_SoutheastAsia_000j", "migrationStage":"NotStarted", "server":"GENERAL0100001C"}}
{"logTime": "1006/104845", "correlationVector":"AH61ZD2mJNU57VvoW+xoaz.2","action":"GetUpdates Response", "result":"Success", "context":Received 5 update(s). cV=AH61ZD2mJNU57VvoW+xoaz.0;server=GENERAL0100001C;cloudType=Consumer;environment=Prod_SoutheastAsia_000j;migrationStage=NotStarted}
{"logTime": "1006/104845", "correlationVector":"jNSCNXLJ5n8dFpK6AHmDuJ","action":"Normal GetUpdate request", "result":"", "context":cV=jNSCNXLJ5n8dFpK6AHmDuJ
Nudged types: Sessions
Refresh requested types: Bookmarks, Preferences, Passwords, Autofill Profiles, Autofill, Typed URLs, Extensions, Sessions, Extension settings, History Delete Directives, Device Info, User Consents, Send Tab To Self, Web Apps, Collection, Edge E Drop, Edge Hub App Usage, Edge Tab Group, Edge Wallet, Encryption Keys}
{"logTime": "1006/104846", "correlationVector":"jNSCNXLJ5n8dFpK6AHmDuJ.1","action":"SyncServerConnectionManagerRequest", "result":"SYNC_SERVER_OK", "context":{"environment":"Prod_SoutheastAsia_000j", "migrationStage":"NotStarted", "server":"GENERAL0300000M"}}
{"logTime": "1006/104846", "correlationVector":"jNSCNXLJ5n8dFpK6AHmDuJ.2","action":"GetUpdates Response", "result":"Success", "context":Received 0 update(s). cV=jNSCNXLJ5n8dFpK6AHmDuJ.0;server=GENERAL0300000M;cloudType=Consumer;environment=Prod_SoutheastAsia_000j;migrationStage=NotStarted}
{"logTime": "1006/104846", "correlationVector":"A66DlMuJDK4Ipjq1RAhRvC","action":"Commit Request", "result":"", "context":Item count: 3
Contributing types: Sessions}
{"logTime": "1006/104847", "correlationVector":"A66DlMuJDK4Ipjq1RAhRvC.1","action":"SyncServerConnectionManagerRequest", "result":"SYNC_SERVER_OK", "context":{"environment":"Prod_SoutheastAsia_000j", "migrationStage":"NotStarted", "server":"GENERAL03000015"}}
{"logTime": "1006/104847", "correlationVector":"A66DlMuJDK4Ipjq1RAhRvC.3","action":"Commit.Sessions", "result":"Success", "context":{"id":"f2361c35-ee64-4ec9-be6a-654bbd537c47", "isDeleted":"true", "size":"0", "version":"1728205610156"}}
{"logTime": "1006/104847", "correlationVector":"A66DlMuJDK4Ipjq1RAhRvC.2","action":"Commit Response", "result":"Success", "context":Result: Success. cV=A66DlMuJDK4Ipjq1RAhRvC.0;server=GENERAL03000015;cloudType=Consumer;environment=Prod_SoutheastAsia_000j;migrationStage=NotStarted}
{"logTime": "1006/104917", "correlationVector":"MOGT+vG4AzdrPbMax+KHmk","action":"Normal GetUpdate request", "result":"", "context":cV=MOGT+vG4AzdrPbMax+KHmk
Nudged types: Sessions}
{"logTime": "1006/104917", "correlationVector":"MOGT+vG4AzdrPbMax+KHmk.1","action":"SyncServerConnectionManagerRequest", "result":"SYNC_SERVER_OK", "context":{"environment":"Prod_SoutheastAsia_000j", "migrationStage":"NotStarted", "server":"GENERAL0300000U"}}
{"logTime": "1006/104917", "correlationVector":"MOGT+vG4AzdrPbMax+KHmk.2","action":"GetUpdates", "result":"DeleteReceived", "context":{"id":"f2361c35-ee64-4ec9-be6a-654bbd537c47", "isDeleted:":"true", "version":"1728211725164"}}
{"logTime": "1006/104917", "correlationVector":"MOGT+vG4AzdrPbMax+KHmk.3","action":"GetUpdates Response", "result":"Success", "context":Received 3 update(s). cV=MOGT+vG4AzdrPbMax+KHmk.0;server=GENERAL0300000U;cloudType=Consumer;environment=Prod_SoutheastAsia_000j;migrationStage=NotStarted}
{"logTime": "1006/104917", "correlationVector":"YQygSKZyYHoqjDACD9xp50","action":"Commit Request", "result":"", "context":Item count: 1
Contributing types: Sessions}
{"logTime": "1006/104918", "correlationVector":"YQygSKZyYHoqjDACD9xp50.1","action":"SyncServerConnectionManagerRequest", "result":"SYNC_SERVER_OK", "context":{"environment":"Prod_SoutheastAsia_000j", "migrationStage":"NotStarted", "server":"GENERAL01000018"}}
{"logTime": "1006/104918", "correlationVector":"YQygSKZyYHoqjDACD9xp50.2","action":"Commit Response", "result":"Success", "context":Result: Success. cV=YQygSKZyYHoqjDACD9xp50.0;server=GENERAL01000018;cloudType=Consumer;environment=Prod_SoutheastAsia_000j;migrationStage=NotStarted}
